<?xml version="1.0" encoding="UTF-8"?>
<testng-results ignored="0" total="1" passed="1" failed="0" skipped="0">
  <reporter-output>
  </reporter-output>
  <suite started-at="2024-02-15T18:13:39 IST" name="Default suite" finished-at="2024-02-15T18:15:29 IST" duration-ms="109814">
    <groups>
    </groups>
    <test started-at="2024-02-15T18:13:39 IST" name="Default test" finished-at="2024-02-15T18:15:29 IST" duration-ms="109814">
      <class name="Zouktest.SearchbarTest">
        <test-method is-config="true" signature="setUp()[pri:0, instance:Zouktest.SearchbarTest@31fa1761]" started-at="2024-02-15T18:13:39 IST" name="setUp" finished-at="2024-02-15T18:14:26 IST" duration-ms="47296" status="PASS">
          <reporter-output>
          </reporter-output>
        </test-method> <!-- setUp -->
        <test-method is-config="true" signature="setUp()[pri:0, instance:Zouktest.SearchbarTest@31fa1761]" started-at="2024-02-15T18:14:26 IST" name="setUp" finished-at="2024-02-15T18:15:28 IST" duration-ms="61901" status="PASS">
          <reporter-output>
          </reporter-output>
        </test-method> <!-- setUp -->
        <test-method signature="Searchbarvisible()[pri:0, instance:Zouktest.SearchbarTest@31fa1761]" started-at="2024-02-15T18:15:28 IST" name="Searchbarvisible" finished-at="2024-02-15T18:15:29 IST" duration-ms="571" status="PASS">
          <reporter-output>
          </reporter-output>
        </test-method> <!-- Searchbarvisible -->
      </class> <!-- Zouktest.SearchbarTest -->
    </test> <!-- Default test -->
  </suite> <!-- Default suite -->
</testng-results>
